\BOOKMARK [0][-]{chapter*.1}{Acknowledgements}{}% 1
\BOOKMARK [0][-]{chapter*.2}{Preface}{}% 2
\BOOKMARK [1][-]{section.0.1}{MODELING}{chapter*.2}% 3
\BOOKMARK [1][-]{section.0.2}{Functions}{chapter*.2}% 4
\BOOKMARK [1][-]{section.0.3}{Graphs}{chapter*.2}% 5
\BOOKMARK [0][-]{chapter*.3}{Contributors to the 5th Edition}{}% 6
\BOOKMARK [0][-]{chapter.1}{Functions and Their Graphs}{}% 7
\BOOKMARK [1][-]{section.1.1}{Linear Models}{chapter.1}% 8
\BOOKMARK [1][-]{section.1.2}{Functions}{chapter.1}% 9
\BOOKMARK [1][-]{section.1.3}{Graphs of Functions}{chapter.1}% 10
\BOOKMARK [1][-]{section.1.4}{Slope and Rate of Change}{chapter.1}% 11
\BOOKMARK [1][-]{section.1.5}{Linear Functions}{chapter.1}% 12
\BOOKMARK [1][-]{section.1.6}{Linear Regression}{chapter.1}% 13
\BOOKMARK [1][-]{section.1.7}{Chapter Summary and Review}{chapter.1}% 14
\BOOKMARK [1][-]{section.1.8}{Projects for Chapter 1}{chapter.1}% 15
\BOOKMARK [0][-]{chapter.2}{Modeling with Functions}{}% 16
\BOOKMARK [1][-]{section.2.1}{Nonlinear Models}{chapter.2}% 17
\BOOKMARK [1][-]{section.2.2}{Some Basic Functions}{chapter.2}% 18
\BOOKMARK [1][-]{section.2.3}{Transformations of Graphs}{chapter.2}% 19
\BOOKMARK [1][-]{section.2.4}{Functions as Mathematical Models}{chapter.2}% 20
\BOOKMARK [1][-]{section.2.5}{The Absolute Value Function}{chapter.2}% 21
\BOOKMARK [1][-]{section.2.6}{Domain and Range}{chapter.2}% 22
\BOOKMARK [1][-]{section.2.7}{Chapter Summary and Review}{chapter.2}% 23
\BOOKMARK [1][-]{section.2.8}{Projects for Chapter 2: Periodic Functions}{chapter.2}% 24
\BOOKMARK [0][-]{chapter.3}{Power Functions}{}% 25
\BOOKMARK [1][-]{section.3.1}{Variation}{chapter.3}% 26
\BOOKMARK [1][-]{section.3.2}{Integer Exponents}{chapter.3}% 27
\BOOKMARK [1][-]{section.3.3}{Roots and Radicals}{chapter.3}% 28
